2022.12.25 23:07:57 INFO  tracing is disabled for protocol LSP, to enable tracing of incoming and outgoing JSON messages create an empty file at /Users/hoangpq/IdeaProjects/zio_practice/.metals/lsp.trace.json or /Users/hoangpq/Library/Caches/org.scalameta.metals/lsp.trace.json[0m
2022.12.25 23:07:58 INFO  logging to file /Users/hoangpq/IdeaProjects/zio_practice/.metals/metals.log[0m
2022.12.25 23:07:58 INFO  Started: Metals version 0.11.9 in workspace '/Users/hoangpq/IdeaProjects/zio_practice' for client Sublime Text LSP 1.20.0.[0m
2022.12.25 23:07:59 INFO  time: initialize in 1.51s[0m
2022.12.25 23:08:00 WARN  Build server is not auto-connectable.[0m
2022.12.25 23:07:59 WARN  no build target for: /Users/hoangpq/IdeaProjects/zio_practice/src/main/scala/CatsMain.scala[0m
2022.12.25 23:08:03 INFO  no build target found for /Users/hoangpq/IdeaProjects/zio_practice/src/main/scala/CatsMain.scala. Using presentation compiler with project's scala-library version: 3.2.0[0m
2022.12.25 23:08:07 INFO  time: code lens generation in 3.05s[0m
2022.12.25 23:08:07 INFO  time: code lens generation in 2.43s[0m
2022.12.25 23:08:07 INFO  time: code lens generation in 3.07s[0m
2022.12.25 23:08:07 INFO  time: code lens generation in 3.05s[0m
2022.12.25 23:08:07 INFO  time: code lens generation in 3.05s[0m
2022.12.25 23:08:07 INFO  time: code lens generation in 7.12s[0m
2022.12.25 23:08:07 INFO  time: code lens generation in 1.04s[0m
2022.12.25 23:08:07 INFO  time: code lens generation in 1.86s[0m
2022.12.25 23:08:07 INFO  time: code lens generation in 3.02s[0m
2022.12.25 23:08:07 INFO  time: code lens generation in 2.75s[0m
2022.12.25 23:08:31 WARN  no build target for: /Users/hoangpq/IdeaProjects/zio_practice/src/main/scala/CatsMain.scala[0m
2022.12.25 23:08:43 WARN  no build target for: /Users/hoangpq/IdeaProjects/zio_practice/src/main/scala/CatsMain.scala[0m
2022.12.25 23:09:31 WARN  no build target for: /Users/hoangpq/IdeaProjects/zio_practice/src/main/scala/CatsMain.scala[0m
2022.12.25 23:09:50 WARN  no build target for: /Users/hoangpq/IdeaProjects/zio_practice/src/main/scala/CatsMain.scala[0m
2022.12.25 23:11:48 WARN  no build target for: /Users/hoangpq/IdeaProjects/zio_practice/src/main/scala/CatsMain.scala[0m
2022.12.25 23:12:14 WARN  no build target for: /Users/hoangpq/IdeaProjects/zio_practice/src/main/scala/CatsMain.scala[0m
2022.12.25 23:12:29 WARN  no build target for: /Users/hoangpq/IdeaProjects/zio_practice/src/main/scala/CatsMain.scala[0m
2022.12.25 23:12:45 WARN  no build target for: /Users/hoangpq/IdeaProjects/zio_practice/src/main/scala/CatsMain.scala[0m
2022.12.25 23:12:46 WARN  no build target for: /Users/hoangpq/IdeaProjects/zio_practice/src/main/scala/CatsMain.scala[0m
2022.12.25 23:13:55 WARN  no build target for: /Users/hoangpq/IdeaProjects/zio_practice/src/main/scala/CatsMain.scala[0m
2022.12.25 23:14:14 WARN  no build target for: /Users/hoangpq/IdeaProjects/zio_practice/src/main/scala/CatsMain.scala[0m
2022.12.25 23:15:03 WARN  no build target for: /Users/hoangpq/IdeaProjects/zio_practice/src/main/scala/CatsMain.scala[0m
2022.12.25 23:15:14 WARN  no build target for: /Users/hoangpq/IdeaProjects/zio_practice/src/main/scala/CatsMain.scala[0m
2022.12.25 23:15:41 WARN  no build target for: /Users/hoangpq/IdeaProjects/zio_practice/src/main/scala/CatsMain.scala[0m
2022.12.25 23:18:24 INFO  shutting down Metals[0m
